<?xml version="1.0" encoding="UTF-8" standalone="no"?>
<!DOCTYPE log SYSTEM "logger.dtd">
<log>
<record>
  <date>2022-10-18T09:47:11.545-0300</date>
  <logger>JOAO PEDRO JUVINO DOS SANTOS</logger>
  <level>FINE</level>
  <message>File 121110319-JOAO PEDRO JUVINO DOS SANTOS.zip was received. It was sent by JOAO PEDRO JUVINO DOS SANTOS from IP 150.165.42.122 at 18-10-2022 09*47*11</message>
</record>
</log>
<?xml version="1.0" encoding="UTF-8" standalone="no"?>
<!DOCTYPE log SYSTEM "logger.dtd">
<log>
<record>
  <date>2022-10-20T10:08:47.317-0300</date>
  <logger>JOAO PEDRO JUVINO DOS SANTOS</logger>
  <level>FINE</level>
  <message>File 121110319-JOAO PEDRO JUVINO DOS SANTOS.zip was received. It was sent by JOAO PEDRO JUVINO DOS SANTOS from IP 150.165.42.154 at 20-10-2022 10*08*47</message>
</record>
</log>
<?xml version="1.0" encoding="UTF-8" standalone="no"?>
<!DOCTYPE log SYSTEM "logger.dtd">
<log>
<record>
  <date>2022-10-27T17:41:11.930-0300</date>
  <logger>JOAO PEDRO JUVINO DOS SANTOS</logger>
  <level>FINE</level>
  <message>File 121110319-JOAO PEDRO JUVINO DOS SANTOS.zip was received. It was sent by JOAO PEDRO JUVINO DOS SANTOS from IP 192.168.1.103 at 27-10-2022 17*41*11</message>
</record>
</log>
<?xml version="1.0" encoding="UTF-8" standalone="no"?>
<!DOCTYPE log SYSTEM "logger.dtd">
<log>
<record>
  <date>2022-10-27T20:43:48.160-0300</date>
  <logger>JOAO PEDRO JUVINO DOS SANTOS</logger>
  <level>FINE</level>
  <message>File 121110319-JOAO PEDRO JUVINO DOS SANTOS.zip was received. It was sent by JOAO PEDRO JUVINO DOS SANTOS from IP 192.168.1.103 at 27-10-2022 20*43*48</message>
</record>
